2025-12-24 14:48:08,697 - GestureControl - INFO - Initializing Gesture Control System...
2025-12-24 14:48:08,699 - GestureControl - INFO - Configuration loaded successfully
2025-12-24 14:48:08,699 - GestureControl - INFO - Initializing hand detector...
2025-12-24 14:48:08,719 - GestureControl - INFO - Initializing gesture recognizer...
2025-12-24 14:48:08,720 - GestureControl - INFO - Initializing system controller...
2025-12-24 14:48:08,721 - GestureControl - INFO - Initializing voice controller...
2025-12-24 14:48:11,736 - GestureControl - INFO - Application initialized successfully
2025-12-24 14:48:11,750 - GestureControl - INFO - Starting application GUI...
2025-12-24 15:00:10,159 - GestureControl - INFO - Starting gesture detection...
2025-12-24 15:00:10,180 - GestureControl - INFO - Detection started
2025-12-24 15:00:10,180 - GestureControl - INFO - Starting gesture control thread...
2025-12-24 15:00:49,493 - GestureControl - INFO - Camera initialized successfully
2025-12-24 15:01:05,837 - GestureControl - INFO - Changing mode to: music
2025-12-24 15:01:05,838 - GestureControl - INFO - Mode changed to: music
2025-12-24 15:02:00,875 - GestureControl - INFO - Changing mode to: desktop
2025-12-24 15:02:00,878 - GestureControl - INFO - Mode changed to: desktop
2025-12-24 15:02:09,214 - GestureControl - INFO - Changing mode to: music
2025-12-24 15:02:09,214 - GestureControl - INFO - Mode changed to: music
2025-12-24 15:02:36,152 - GestureControl - INFO - Stopping gesture detection...
2025-12-24 15:02:36,155 - GestureControl - INFO - Stopping gesture control thread...
2025-12-24 15:02:36,546 - GestureControl - INFO - Gesture control thread stopped
2025-12-24 15:02:36,553 - GestureControl - INFO - Detection stopped
2025-12-24 15:02:40,395 - GestureControl - INFO - Enabling voice control...
2025-12-24 15:10:12,379 - GestureControl - INFO - Disabling voice control...
2025-12-24 15:10:13,521 - GestureControl - INFO - Enabling voice control...
2025-12-24 15:10:13,530 - GestureControl - ERROR - Voice error: This audio source is already inside a context manager
2025-12-24 15:11:40,973 - GestureControl - INFO - Cleaning up resources...
2025-12-24 15:11:41,363 - GestureControl - INFO - Application closed successfully
