2025-12-07 12:51:13,042 - GestureControl - INFO - Initializing Gesture Control System...
2025-12-07 12:51:13,042 - GestureControl - INFO - Configuration loaded successfully
2025-12-07 12:51:13,042 - GestureControl - INFO - Initializing hand detector...
2025-12-07 12:51:13,096 - GestureControl - INFO - Initializing gesture recognizer...
2025-12-07 12:51:13,096 - GestureControl - INFO - Initializing system controller...
2025-12-07 12:51:13,285 - GestureControl - INFO - Application initialized successfully
2025-12-07 12:51:13,285 - GestureControl - INFO - Starting application GUI...
2025-12-07 12:51:19,204 - GestureControl - INFO - Starting gesture detection...
2025-12-07 12:51:19,364 - GestureControl - INFO - Starting gesture control thread...
2025-12-07 12:51:19,383 - GestureControl - INFO - Detection started
2025-12-07 12:51:58,774 - GestureControl - INFO - Camera initialized successfully
2025-12-07 12:52:06,635 - GestureControl - INFO - Changing mode to: music
2025-12-07 12:52:06,639 - GestureControl - INFO - Mode changed to: music
2025-12-07 12:58:28,803 - GestureControl - INFO - Changing mode to: desktop
2025-12-07 12:58:28,805 - GestureControl - INFO - Mode changed to: desktop
2025-12-07 13:07:46,718 - GestureControl - INFO - Changing mode to: slide
2025-12-07 13:07:46,760 - GestureControl - INFO - Mode changed to: slide
2025-12-07 13:07:47,869 - GestureControl - INFO - Stopping gesture detection...
2025-12-07 13:07:47,872 - GestureControl - INFO - Stopping gesture control thread...
2025-12-07 13:07:48,473 - GestureControl - INFO - Gesture control thread stopped
2025-12-07 13:07:48,494 - GestureControl - INFO - Detection stopped
2025-12-07 13:07:52,526 - GestureControl - INFO - Cleaning up resources...
2025-12-07 13:07:52,631 - GestureControl - INFO - Application closed successfully
