2025-12-17 17:24:53,893 - GestureControl - INFO - Initializing Gesture Control System...
2025-12-17 17:24:53,893 - GestureControl - INFO - Configuration loaded successfully
2025-12-17 17:24:53,893 - GestureControl - INFO - Initializing hand detector...
2025-12-17 17:24:54,027 - GestureControl - INFO - Initializing gesture recognizer...
2025-12-17 17:24:54,029 - GestureControl - INFO - Initializing system controller...
2025-12-17 17:24:54,379 - GestureControl - INFO - Application initialized successfully
2025-12-17 17:24:54,379 - GestureControl - INFO - Starting application GUI...
2025-12-17 17:25:19,991 - GestureControl - INFO - Starting gesture detection...
2025-12-17 17:25:20,020 - GestureControl - INFO - Starting gesture control thread...
2025-12-17 17:25:20,023 - GestureControl - INFO - Detection started
2025-12-17 17:25:57,625 - GestureControl - INFO - Camera initialized successfully
2025-12-17 17:26:19,785 - GestureControl - INFO - Changing mode to: music
2025-12-17 17:26:19,790 - GestureControl - INFO - Mode changed to: music
2025-12-17 17:26:21,851 - GestureControl - INFO - Changing mode to: slide
2025-12-17 17:26:21,853 - GestureControl - INFO - Mode changed to: slide
2025-12-17 17:26:58,157 - GestureControl - INFO - Changing mode to: desktop
2025-12-17 17:26:58,159 - GestureControl - INFO - Mode changed to: desktop
2025-12-17 17:27:21,211 - GestureControl - INFO - Changing mode to: slide
2025-12-17 17:27:21,213 - GestureControl - INFO - Mode changed to: slide
2025-12-17 17:38:46,449 - GestureControl - INFO - Changing mode to: music
2025-12-17 17:38:46,562 - GestureControl - INFO - Mode changed to: music
2025-12-17 17:39:15,808 - GestureControl - INFO - Changing mode to: desktop
2025-12-17 17:39:15,810 - GestureControl - INFO - Mode changed to: desktop
2025-12-17 17:40:49,962 - GestureControl - INFO - Stopping gesture detection...
2025-12-17 17:40:49,974 - GestureControl - INFO - Stopping gesture control thread...
2025-12-17 17:40:50,622 - GestureControl - INFO - Gesture control thread stopped
2025-12-17 17:40:50,683 - GestureControl - INFO - Detection stopped
