2025-12-06 23:08:56,286 - GestureControl - INFO - Initializing Gesture Control System...
2025-12-06 23:08:56,286 - GestureControl - INFO - Configuration loaded successfully
2025-12-06 23:08:56,286 - GestureControl - INFO - Initializing hand detector...
2025-12-06 23:08:56,325 - GestureControl - INFO - Initializing gesture recognizer...
2025-12-06 23:08:56,349 - GestureControl - INFO - Initializing system controller...
2025-12-06 23:08:56,463 - GestureControl - INFO - Application initialized successfully
2025-12-06 23:08:56,463 - GestureControl - INFO - Starting application GUI...
2025-12-06 23:09:59,065 - GestureControl - INFO - Starting gesture detection...
2025-12-06 23:09:59,089 - GestureControl - INFO - Starting gesture control thread...
2025-12-06 23:09:59,091 - GestureControl - INFO - Detection started
2025-12-06 23:10:24,290 - GestureControl - INFO - Changing mode to: music
2025-12-06 23:10:24,296 - GestureControl - INFO - Mode changed to: music
2025-12-06 23:10:27,897 - GestureControl - INFO - Changing mode to: desktop
2025-12-06 23:10:27,897 - GestureControl - INFO - Mode changed to: desktop
2025-12-06 23:10:29,069 - GestureControl - INFO - Changing mode to: music
2025-12-06 23:10:29,069 - GestureControl - INFO - Mode changed to: music
2025-12-06 23:10:37,324 - GestureControl - INFO - Camera initialized successfully
2025-12-06 23:12:23,646 - GestureControl - INFO - Changing mode to: slide
2025-12-06 23:12:23,650 - GestureControl - INFO - Mode changed to: slide
2025-12-06 23:13:10,379 - GestureControl - INFO - Changing mode to: desktop
2025-12-06 23:13:10,385 - GestureControl - INFO - Mode changed to: desktop
2025-12-06 23:13:43,343 - GestureControl - INFO - Stopping gesture detection...
2025-12-06 23:13:43,414 - GestureControl - INFO - Stopping gesture control thread...
2025-12-06 23:13:46,362 - GestureControl - INFO - Gesture control thread stopped
2025-12-06 23:13:46,912 - GestureControl - INFO - Detection stopped
2025-12-06 23:15:15,337 - GestureControl - INFO - Starting gesture detection...
2025-12-06 23:15:15,350 - GestureControl - INFO - Detection started
2025-12-06 23:15:15,350 - GestureControl - INFO - Starting gesture control thread...
2025-12-06 23:15:27,535 - GestureControl - INFO - Changing mode to: slide
2025-12-06 23:15:27,539 - GestureControl - INFO - Mode changed to: slide
2025-12-06 23:15:58,169 - GestureControl - INFO - Camera initialized successfully
2025-12-06 23:17:00,421 - GestureControl - INFO - Changing mode to: desktop
2025-12-06 23:17:00,426 - GestureControl - INFO - Mode changed to: desktop
2025-12-06 23:19:03,048 - GestureControl - INFO - Changing mode to: music
2025-12-06 23:19:03,050 - GestureControl - INFO - Mode changed to: music
2025-12-06 23:20:24,402 - GestureControl - INFO - Cleaning up resources...
2025-12-06 23:20:24,408 - GestureControl - INFO - Stopping gesture control thread...
2025-12-06 23:20:25,019 - GestureControl - INFO - Gesture control thread stopped
2025-12-06 23:20:25,382 - GestureControl - INFO - Application closed successfully
