2025-12-24 16:35:26,731 - GestureControl - INFO - Initializing Gesture Control System...
2025-12-24 16:35:26,733 - GestureControl - INFO - Configuration loaded successfully
2025-12-24 16:35:26,733 - GestureControl - INFO - Initializing hand detector...
2025-12-24 16:35:26,820 - GestureControl - INFO - Initializing gesture recognizer...
2025-12-24 16:35:26,823 - GestureControl - INFO - Initializing system controller...
2025-12-24 16:35:26,825 - GestureControl - INFO - Initializing voice controller...
2025-12-24 16:35:32,567 - GestureControl - INFO - Application initialized successfully
2025-12-24 16:35:32,568 - GestureControl - INFO - Starting application GUI...
2025-12-24 16:35:51,206 - GestureControl - INFO - Starting gesture detection...
2025-12-24 16:35:51,210 - GestureControl - INFO - Detection started
2025-12-24 16:35:51,211 - GestureControl - INFO - Starting gesture control thread...
2025-12-24 16:36:38,120 - GestureControl - INFO - Camera initialized successfully
2025-12-24 16:40:56,916 - GestureControl - INFO - Stopping gesture detection...
2025-12-24 16:40:56,930 - GestureControl - INFO - Stopping gesture control thread...
2025-12-24 16:40:57,335 - GestureControl - INFO - Gesture control thread stopped
2025-12-24 16:40:57,356 - GestureControl - INFO - Detection stopped
2025-12-24 16:40:58,309 - GestureControl - INFO - Enabling voice control...
2025-12-24 16:41:05,973 - GestureControl - INFO - Disabling voice control...
2025-12-24 16:41:06,939 - GestureControl - INFO - Starting gesture detection...
2025-12-24 16:41:06,942 - GestureControl - INFO - Detection started
2025-12-24 16:41:06,943 - GestureControl - INFO - Starting gesture control thread...
2025-12-24 16:41:19,959 - GestureControl - INFO - Enabling voice control...
2025-12-24 16:41:58,527 - GestureControl - INFO - Camera initialized successfully
2025-12-24 16:43:11,517 - GestureControl - INFO - Changing mode to: desktop
2025-12-24 16:43:11,519 - GestureControl - INFO - Mode changed to: desktop
2025-12-24 16:44:13,670 - GestureControl - INFO - Changing mode to: desktop
2025-12-24 16:44:13,671 - GestureControl - INFO - Mode changed to: desktop
2025-12-24 16:44:13,717 - GestureControl - INFO - Changing mode to: desktop
2025-12-24 16:44:13,718 - GestureControl - INFO - Mode changed to: desktop
2025-12-24 16:44:13,926 - GestureControl - INFO - Changing mode to: desktop
2025-12-24 16:44:13,927 - GestureControl - INFO - Mode changed to: desktop
2025-12-24 16:44:14,133 - GestureControl - INFO - Changing mode to: desktop
2025-12-24 16:44:14,134 - GestureControl - INFO - Mode changed to: desktop
2025-12-24 16:44:14,403 - GestureControl - INFO - Changing mode to: desktop
2025-12-24 16:44:14,404 - GestureControl - INFO - Mode changed to: desktop
2025-12-24 16:44:14,605 - GestureControl - INFO - Changing mode to: desktop
2025-12-24 16:44:14,607 - GestureControl - INFO - Mode changed to: desktop
2025-12-24 16:44:14,919 - GestureControl - INFO - Changing mode to: desktop
2025-12-24 16:44:14,920 - GestureControl - INFO - Mode changed to: desktop
2025-12-24 16:44:15,075 - GestureControl - INFO - Changing mode to: desktop
2025-12-24 16:44:15,076 - GestureControl - INFO - Mode changed to: desktop
2025-12-24 16:44:15,340 - GestureControl - INFO - Changing mode to: desktop
2025-12-24 16:44:15,341 - GestureControl - INFO - Mode changed to: desktop
2025-12-24 16:44:15,606 - GestureControl - INFO - Changing mode to: desktop
2025-12-24 16:44:15,606 - GestureControl - INFO - Mode changed to: desktop
2025-12-24 16:44:15,935 - GestureControl - INFO - Changing mode to: desktop
2025-12-24 16:44:15,937 - GestureControl - INFO - Mode changed to: desktop
2025-12-24 16:44:16,139 - GestureControl - INFO - Changing mode to: desktop
2025-12-24 16:44:16,139 - GestureControl - INFO - Mode changed to: desktop
2025-12-24 16:44:17,579 - GestureControl - INFO - Changing mode to: music
2025-12-24 16:44:17,580 - GestureControl - INFO - Mode changed to: music
2025-12-24 16:44:24,668 - GestureControl - INFO - Changing mode to: slide
2025-12-24 16:44:24,669 - GestureControl - INFO - Mode changed to: slide
2025-12-24 16:44:46,279 - GestureControl - INFO - Stopping gesture detection...
2025-12-24 16:44:46,280 - GestureControl - INFO - Stopping gesture control thread...
2025-12-24 16:44:46,692 - GestureControl - INFO - Gesture control thread stopped
2025-12-24 16:44:46,697 - GestureControl - INFO - Detection stopped
2025-12-24 16:46:02,773 - GestureControl - INFO - Disabling voice control...
2025-12-24 17:09:02,506 - GestureControl - INFO - Cleaning up resources...
2025-12-24 17:09:02,585 - GestureControl - INFO - Application closed successfully
