2025-12-24 14:23:05,092 - GestureControl - INFO - Initializing Gesture Control System...
2025-12-24 14:23:05,094 - GestureControl - INFO - Configuration loaded successfully
2025-12-24 14:23:05,095 - GestureControl - INFO - Initializing hand detector...
2025-12-24 14:23:05,132 - GestureControl - INFO - Initializing gesture recognizer...
2025-12-24 14:23:05,134 - GestureControl - INFO - Initializing system controller...
2025-12-24 14:23:05,135 - GestureControl - INFO - Initializing voice controller...
2025-12-24 14:23:10,651 - GestureControl - INFO - Application initialized successfully
2025-12-24 14:23:10,654 - GestureControl - INFO - Starting application GUI...
2025-12-24 14:23:23,003 - GestureControl - INFO - Enabling voice control...
2025-12-24 14:23:29,343 - GestureControl - INFO - Disabling voice control...
2025-12-24 14:23:32,396 - GestureControl - INFO - Enabling voice control...
2025-12-24 14:23:32,399 - GestureControl - ERROR - Voice error: This audio source is already inside a context manager
2025-12-24 14:23:47,248 - GestureControl - INFO - Disabling voice control...
2025-12-24 14:23:57,463 - GestureControl - INFO - Enabling voice control...
2025-12-24 14:25:12,798 - GestureControl - INFO - Disabling voice control...
2025-12-24 14:25:22,056 - GestureControl - INFO - Enabling voice control...
2025-12-24 14:25:39,134 - GestureControl - INFO - Disabling voice control...
2025-12-24 14:25:41,163 - GestureControl - INFO - Starting gesture detection...
2025-12-24 14:25:41,179 - GestureControl - INFO - Detection started
2025-12-24 14:25:41,180 - GestureControl - INFO - Starting gesture control thread...
2025-12-24 14:26:10,351 - GestureControl - INFO - Stopping gesture detection...
2025-12-24 14:26:10,352 - GestureControl - INFO - Stopping gesture control thread...
2025-12-24 14:26:18,006 - GestureControl - INFO - Camera initialized successfully
